[2020-10-24 06:10:50]:INFO: Start of program
[2020-10-24 06:17:41]:INFO: Start of program
[2020-10-24 06:24:08]:INFO: Start of program
[2020-10-24 06:25:00]:INFO: Executed command: echo "Hello there~"
[2020-12-01 01:08:07]:INFO: Start of program
[2020-12-08 10:09:50]:INFO: Start of program
[2020-12-08 10:10:00]:INFO: Executed command: 'echo "Hello there~"'
[2020-12-08 10:10:00]:INFO: Executed command: 'echo "Damn it!~"'
[2020-12-08 10:11:00]:INFO: Executed command: 'echo "Hello there~"'
[2020-12-08 10:12:00]:INFO: Executed command: 'echo "Damn it!~"'
[2020-12-08 10:12:00]:INFO: Executed command: 'echo "First and last call"'
[2020-12-08 10:12:00]:INFO: Executed command: 'echo "Hello there~"'
[2020-12-08 10:13:00]:INFO: Executed command: 'echo "Hello there~"'
[2020-12-08 10:14:00]:INFO: Executed command: 'echo "Hello there~"'
[2020-12-08 10:14:00]:INFO: Executed command: 'echo "Damn it!~"'
[2020-12-08 10:15:00]:INFO: Executed command: 'echo "First and last call"'
[2020-12-08 10:15:00]:INFO: Executed command: 'echo "Hello there~"'
[2020-12-08 10:16:00]:INFO: Executed command: 'echo "Hello there~"'
[2020-12-08 10:16:00]:INFO: Executed command: 'echo "Damn it!~"'
[2020-12-08 10:17:00]:INFO: Executed command: 'echo "Hello there~"'
[2020-12-08 10:18:00]:INFO: Executed command: 'echo "Hello there~"'
[2020-12-08 10:18:00]:INFO: Executed command: 'echo "First and last call"'
[2020-12-08 10:18:00]:INFO: Executed command: 'echo "Damn it!~"'
[2020-12-08 10:18:46]:INFO: Start of program
[2020-12-08 10:19:00]:INFO: Executed command: 'echo "Hello there~"'
[2020-12-08 10:20:00]:INFO: Executed command: 'echo "Damn it!~"'
[2020-12-08 10:20:00]:INFO: Executed command: 'echo "Hello there~"'
[2020-12-08 10:21:00]:INFO: Executed command: 'echo "Hello there~"'
[2020-12-08 10:21:00]:INFO: Executed command: 'echo "First and last call"'
[2020-12-08 10:22:00]:INFO: Executed command: 'echo "Hello there~"'
[2020-12-08 10:22:00]:INFO: Executed command: 'echo "Damn it!~"'
[2020-12-08 10:23:00]:INFO: Executed command: 'echo "Hello there~"'
[2020-12-08 11:02:41]:INFO: Start of program
[2020-12-08 11:03:00]:INFO: Succesfuly executed command: 'echo "Hello there~"'
[2020-12-08 11:03:00]:INFO: Succesfuly executed command: 'echo "First and last call"'
[2020-12-08 11:18:23]:INFO: Start of program
[2020-12-08 11:18:30]:INFO: Start of program
[2020-12-08 11:21:57]:INFO: Start of program
[2020-12-08 11:22:27]:INFO: Start of program
[2020-12-08 11:23:45]:INFO: Start of program
[2020-12-08 11:28:41]:INFO: Start of program
[2020-12-08 11:28:46]:INFO: Start of program
[2020-12-08 11:29:22]:INFO: Start of program
[2020-12-08 11:29:39]:INFO: Start of program
[2020-12-08 11:30:05]:INFO: Start of program
[2020-12-08 11:30:10]:INFO: Start of program
[2020-12-08 11:30:11]:INFO: Start of program
[2020-12-08 11:30:13]:INFO: Start of program
[2020-12-08 11:30:56]:INFO: Start of program
[2020-12-08 11:31:02]:INFO: Start of program
[2020-12-08 11:31:21]:INFO: Start of program
[2020-12-08 11:31:22]:INFO: Start of program
[2020-12-08 11:31:22]:INFO: Start of program
[2020-12-08 11:31:23]:INFO: Start of program
[2020-12-08 11:31:24]:INFO: Start of program
[2020-12-08 11:31:48]:INFO: Start of program
[2020-12-08 11:32:06]:INFO: Start of program
[2020-12-08 11:49:12]:INFO: Start of program
[2020-12-08 11:49:16]:INFO: Start of program
[2020-12-08 11:51:00]:INFO: Start of program
[2020-12-08 11:52:00]:INFO: Succesfuly executed command: 'echo "Damn it!~"'
[2020-12-08 11:52:00]:INFO: Succesfuly executed command: 'echo "Hello there~"'
[2020-12-08 03:10:01]:INFO: Start of program
[2020-12-08 03:12:02]:INFO: Start of program
[2020-12-08 03:12:18]:INFO: Start of program
[2020-12-08 03:14:07]:INFO: Start of program
[2020-12-08 03:14:56]:INFO: Start of program
[2020-12-08 03:16:53]:INFO: Start of program
[2020-12-08 03:22:06]:INFO: Start of program
[2020-12-08 03:22:20]:INFO: Start of program
[2020-12-08 03:46:29]:INFO: Start of program
[2020-12-08 03:51:11]:INFO: Start of program
[2020-12-08 03:51:45]:INFO: Start of program
[2020-12-08 03:52:00]:INFO: Succesfuly executed command: 'echo "Hello there~"'
[2020-12-08 03:52:00]:INFO: Succesfuly executed command: 'echo "Damn it!~"'
[2020-03-28 01:00:00]:INFO: Start of program
[2020-03-28 01:01:00]:INFO: Succesfuly executed command: 'echo "Hello there~"'
