2021-11-23 11:49:14.996327:set_up:__main__:37399:INFO:	Ended set up
2021-11-23 11:49:14.996674:get_crontab:__main__:37399:INFO:	Starting parsing crontab
2021-11-23 11:49:14.998518:get_crontab:__main__:37399:INFO:	Ended parsing crontab
2021-11-23 11:49:14.998793:workflow:__main__:37399:INFO:	Starting workflow
2021-11-23 11:49:15.004062:execute_command:__main__:37399:INFO:	ID:[290c0aac-1b14-404c-9c27-9f09ac17430b]: Executing command <echo “At 00:00 on Sunday.”;>
2021-11-23 11:49:15.004872:execute_command:__main__:37399:INFO:	ID:[9b12484f-09b8-4e78-b108-828275151da4]: Executing command <echo “At 00:05 in August.”;>
2021-11-23 11:49:15.005725:execute_command:__main__:37399:INFO:	ID:[1502091c-6b9e-41c4-a941-c85c80d05a6e]: Executing command <echo “At minute 23 past every 2nd hour from 0 through 20.”;>
2021-11-23 11:49:15.006194:execute_command:__main__:37399:INFO:	ID:[290c0aac-1b14-404c-9c27-9f09ac17430b]: Finished executing command with code <0>
2021-11-23 11:49:15.006400:execute_command:__main__:37399:INFO:	ID:[9b12484f-09b8-4e78-b108-828275151da4]: Finished executing command with code <0>
2021-11-23 11:49:15.006629:execute_command:__main__:37399:INFO:	ID:[1e4cb8a6-d79f-4dea-8ec0-3a67153ef64d]: Executing command <echo “At 00:00 on day-of-month 1 and 15 and on Wednesday.”;>
2021-11-23 11:49:15.007369:execute_command:__main__:37399:INFO:	ID:[1502091c-6b9e-41c4-a941-c85c80d05a6e]: Finished executing command with code <0>
2021-11-23 11:49:15.007925:execute_command:__main__:37399:INFO:	ID:[ef107355-921e-40f9-887d-d8d3384f88fd]: Executing command <echo “At 00:00 on Sunday.”;>
2021-11-23 11:49:15.009099:execute_command:__main__:37399:INFO:	ID:[1e4cb8a6-d79f-4dea-8ec0-3a67153ef64d]: Finished executing command with code <0>
2021-11-23 11:49:15.009966:execute_command:__main__:37399:INFO:	ID:[7ff16203-3a74-4f16-a249-46f8619b1039]: Executing command <echo “At 04:00 on every day-of-month from 8 through 14.”;>
2021-11-23 11:49:15.010476:execute_command:__main__:37399:INFO:	ID:[85dcfb72-daf1-4e0f-82e7-f3133e7710c9]: Executing command <echo “At 22:00 on every day-of-week from Monday through Friday.”;>
2021-11-23 11:49:15.011023:execute_command:__main__:37399:INFO:	ID:[3111b5e0-547a-41b9-92ef-39976bd08c61]: Executing command <echo “At minute 0 past hour 0 and 12 on day-of-month 1 in every 2nd month.”;>
2021-11-23 11:49:15.012619:execute_command:__main__:37399:INFO:	ID:[7ff16203-3a74-4f16-a249-46f8619b1039]: Finished executing command with code <0>
2021-11-23 11:49:15.011885:execute_command:__main__:37399:INFO:	ID:[ef107355-921e-40f9-887d-d8d3384f88fd]: Finished executing command with code <0>
2021-11-23 11:49:15.012161:execute_command:__main__:37399:INFO:	ID:[2d8f070e-e771-43f3-b2d4-52cae9bd2bfb]: Executing command <echo “At 14:15 on day-of-month 1.”;>
2021-11-23 11:49:15.011464:execute_command:__main__:37399:INFO:	ID:[4b8ca21f-a6db-4ff1-ad59-73a606909680]: Executing command <echo “At minute 0 past hour 0 and 12 on day-of-month 1 in every 2nd month.”;>
2021-11-23 11:49:15.013256:execute_command:__main__:37399:INFO:	ID:[85dcfb72-daf1-4e0f-82e7-f3133e7710c9]: Finished executing command with code <0>
2021-11-23 11:49:15.013706:execute_command:__main__:37399:INFO:	ID:[d2399f7c-8222-4ef2-b4fc-24fc742fd1a7]: Executing command <echo “At 22:00 on every day-of-week from Monday through Friday.”;>
2021-11-23 11:49:15.013824:execute_command:__main__:37399:INFO:	ID:[3111b5e0-547a-41b9-92ef-39976bd08c61]: Finished executing command with code <0>
2021-11-23 11:49:15.014676:execute_command:__main__:37399:INFO:	ID:[8b792dc1-ac24-40fe-b7db-0693f1f3f020]: Executing command <echo “At 04:00 on every day-of-month from 8 through 14.”;>
2021-11-23 11:49:15.015226:execute_command:__main__:37399:INFO:	ID:[4b8ca21f-a6db-4ff1-ad59-73a606909680]: Finished executing command with code <0>
2021-11-23 11:49:15.015407:execute_command:__main__:37399:INFO:	ID:[2d8f070e-e771-43f3-b2d4-52cae9bd2bfb]: Finished executing command with code <0>
2021-11-23 11:49:15.016424:execute_command:__main__:37399:INFO:	ID:[b168d64f-f5c2-4602-a6ed-2e29fe126aea]: Executing command <echo “At 00:00 on day-of-month 1 and 15 and on Wednesday.”;>
2021-11-23 11:49:15.017108:execute_command:__main__:37399:INFO:	ID:[62fd3537-34a4-4f07-84e9-2c98d400691b]: Executing command <echo “At 04:05 on Sunday.”;>
2021-11-23 11:49:15.017949:execute_command:__main__:37399:INFO:	ID:[d2399f7c-8222-4ef2-b4fc-24fc742fd1a7]: Finished executing command with code <0>
2021-11-23 11:49:15.018245:execute_command:__main__:37399:INFO:	ID:[06f5b81d-4b7e-443a-89ae-0dec4509e1db]: Executing command <echo “At 00:05 in August.”;>
2021-11-23 11:49:15.018698:execute_command:__main__:37399:INFO:	ID:[b6f7c1d6-3bdf-443e-80d3-864c18c18397]: Executing command <echo “At 04:05 on Sunday.”;>
2021-11-23 11:49:15.018985:execute_command:__main__:37399:INFO:	ID:[11c0fedb-774c-4ebb-b5be-5ffc8c30241b]: Executing command <echo “At 14:15 on day-of-month 1.”;>
2021-11-23 11:49:15.019213:execute_command:__main__:37399:INFO:	ID:[8b792dc1-ac24-40fe-b7db-0693f1f3f020]: Finished executing command with code <0>
2021-11-23 11:49:15.019434:execute_command:__main__:37399:INFO:	ID:[2ef8386e-8b56-4e6b-a077-71913875d1d5]: Executing command <echo “At minute 23 past every 2nd hour from 0 through 20.”;>
2021-11-23 11:49:15.019521:execute_command:__main__:37399:INFO:	ID:[b168d64f-f5c2-4602-a6ed-2e29fe126aea]: Finished executing command with code <0>
2021-11-23 11:49:15.019867:execute_command:__main__:37399:INFO:	ID:[fc03117e-0f1c-47f5-8225-4bead1dfa68f]: Executing command <echo "At every minute 1.";>
2021-11-23 11:49:15.019976:execute_command:__main__:37399:INFO:	ID:[62fd3537-34a4-4f07-84e9-2c98d400691b]: Finished executing command with code <0>
2021-11-23 11:49:15.021215:execute_command:__main__:37399:INFO:	ID:[06f5b81d-4b7e-443a-89ae-0dec4509e1db]: Finished executing command with code <0>
2021-11-23 11:49:15.021381:execute_command:__main__:37399:INFO:	ID:[11c0fedb-774c-4ebb-b5be-5ffc8c30241b]: Finished executing command with code <0>
2021-11-23 11:49:15.021539:execute_command:__main__:37399:INFO:	ID:[8b21eab9-4671-4a4c-86e2-faa8890e0785]: Executing command <echo "At every minute 2.";>
2021-11-23 11:49:15.021737:execute_command:__main__:37399:INFO:	ID:[b6f7c1d6-3bdf-443e-80d3-864c18c18397]: Finished executing command with code <0>
2021-11-23 11:49:15.021810:execute_command:__main__:37399:INFO:	ID:[2ef8386e-8b56-4e6b-a077-71913875d1d5]: Finished executing command with code <0>
2021-11-23 11:49:15.021966:execute_command:__main__:37399:INFO:	ID:[5c3c04d9-2b99-4d12-b182-a97a11fc1c39]: Executing command <echo "At every minute 3.";>
2021-11-23 11:49:15.022289:execute_command:__main__:37399:INFO:	ID:[fdc1f3ad-958f-4e71-86c0-f7e7287b02f7]: Executing command <echo "At every minute 4.";>
2021-11-23 11:49:15.028083:execute_command:__main__:37399:INFO:	ID:[fc03117e-0f1c-47f5-8225-4bead1dfa68f]: Finished executing command with code <0>
2021-11-23 11:49:15.074399:execute_command:__main__:37399:INFO:	ID:[8b21eab9-4671-4a4c-86e2-faa8890e0785]: Finished executing command with code <0>
2021-11-23 11:49:15.097234:execute_command:__main__:37399:INFO:	ID:[fdc1f3ad-958f-4e71-86c0-f7e7287b02f7]: Finished executing command with code <0>
2021-11-23 11:49:15.097829:execute_command:__main__:37399:INFO:	ID:[5c3c04d9-2b99-4d12-b182-a97a11fc1c39]: Finished executing command with code <0>
